<?xml version="1.0" encoding="UTF-8"?>
<!-- Generated by org.testng.reporters.JUnitReportReporter -->
<testsuite skipped="0" hostname="Jobin-PC" name="Chapter5.varArgs" tests="1" failures="0" timestamp="2020-02-12T12:16:45 EST" time="0.032" errors="0">
  <testcase name="Varargtest" time="0.032" classname="Chapter5.varArgs"/>
</testsuite> <!-- Chapter5.varArgs -->
